<?xml version="1.0" encoding="UTF-8"?>
<testsuite name="registration_forms.StudentRegistrationFormWithPageObjectWithJavaFaker" tests="1" skipped="0" failures="0" errors="0" timestamp="2023-02-18T10:07:31" hostname="D-00505" time="15.834">
  <properties/>
  <testcase name="fillRegistrationForm()" classname="registration_forms.StudentRegistrationFormWithPageObjectWithJavaFaker" time="15.834"/>
  <system-out><![CDATA[]]></system-out>
  <system-err><![CDATA[]]></system-err>
</testsuite>
